<?xml version="1.0" encoding="UTF-8"?>
<testsuite name="org.gattolfo.engen.components.TransformComponentTest" tests="7" skipped="0" failures="0" errors="0" timestamp="2025-03-12T20:17:26" hostname="fedora" time="0.037">
  <properties/>
  <testcase name="setLocalRotation()" classname="org.gattolfo.engen.components.TransformComponentTest" time="0.02"/>
  <testcase name="getWorldScale()" classname="org.gattolfo.engen.components.TransformComponentTest" time="0.001"/>
  <testcase name="setParent()" classname="org.gattolfo.engen.components.TransformComponentTest" time="0.001"/>
  <testcase name="setLocalPosition()" classname="org.gattolfo.engen.components.TransformComponentTest" time="0.002"/>
  <testcase name="getWorldRotation()" classname="org.gattolfo.engen.components.TransformComponentTest" time="0.001"/>
  <testcase name="setLocalScale()" classname="org.gattolfo.engen.components.TransformComponentTest" time="0.001"/>
  <testcase name="getWorldPosition()" classname="org.gattolfo.engen.components.TransformComponentTest" time="0.001"/>
  <system-out><![CDATA[]]></system-out>
  <system-err><![CDATA[]]></system-err>
</testsuite>
